{"message":"Unauthorized request to path: /bookmark","level":"error"}
{"message":"Unauthorized request to path: /bookmark","level":"error"}
{"message":"Unauthorized request to path: /bookmark","level":"error"}
{"message":"Unauthorized request to path: /bookmark","level":"error"}
{"message":"Unauthorized request to path: /bookmark","level":"error"}
{"message":"Unauthorized request to path: /bookmark","level":"error"}
{"message":"Unauthorized request to path: /bookmark","level":"error"}
{"message":"Unauthorized request to path: /bookmark","level":"error"}
{"message":"Unauthorized request to path: /bookmark","level":"error"}
{"message":"Unauthorized request to path: /bookmark/bf849f6f-ecc1-4662-bbc9-acf78273ed4e","level":"error"}
{"message":"Unauthorized request to path: /bookmark","level":"error"}
{"message":"Unauthorized request to path: /bookmark/bf849f6f-ecc1-4662-bbc9-acf78273ed4e","level":"error"}
{"message":"bookmark with id bf849f6f-ecc1-4662-bbc9-acf78273ed4e deleted.","level":"info"}
{"message":"Unauthorized request to path: /bookmark","level":"error"}
{"message":"Unauthorized request to path: /bookmark","level":"error"}
{"message":"title required","level":"error"}
{"message":"Unauthorized request to path: /bookmark","level":"error"}
{"message":"rating must be a number between 0 and 5","level":"error"}
{"message":"Unauthorized request to path: /bookmark","level":"error"}
{"message":"rating must be a number between 0 and 5","level":"error"}
{"message":"Unauthorized request to path: /bookmark","level":"error"}
{"message":"Unauthorized request to path: /bookmark","level":"error"}
{"message":"Unauthorized request to path: /bookmark/7a7d5b63-a545-4130-bd20-8e4587e8bfca","level":"error"}
